number,value,datetime_start,datetime_complete,duration,params_aux_weight,params_batch_size,params_dropout,params_focal_alpha,params_focal_gamma,params_lr,params_pos_weight,params_warmup_ratio,params_weight_decay,state
0,0.5193370165745856,2026-03-03 00:09:56.006453,2026-03-03 00:26:48.690801,0 days 00:16:52.684348,0.4042555322448177,16,0.139206598523974,0.5610025588970582,0.8727832919453906,3.161345969490264e-05,2.6167770538517954,0.18242319528818818,0.004743678750136084,COMPLETE
1,0.35036496350364965,2026-03-03 00:26:48.692533,2026-03-03 00:36:28.353315,0 days 00:09:39.660782,0.05280409622411876,16,0.16747201836200015,0.5596988516102976,1.2993626687415152,3.0814555459435765e-05,3.538660388088839,0.1419116108910432,0.05052543669457742,COMPLETE
2,0.49473684210526314,2026-03-03 00:36:28.354932,2026-03-03 00:50:40.289417,0 days 00:14:11.934485,0.34745758851753794,8,0.2862466370894046,0.8363603616926905,0.25830149470771446,5.206052324605904e-06,2.250651196802792,0.17428169433697466,0.08943258354565536,COMPLETE
3,0.4642857142857143,2026-03-03 00:50:40.290970,2026-03-03 00:57:45.693803,0 days 00:07:05.402833,0.0780597189862735,8,0.26857525579102703,0.8260955646868373,1.6407797601831695,2.0853674784616183e-05,2.149959947384237,0.11176344140604336,0.033984005453852204,PRUNED
4,0.5139664804469274,2026-03-03 00:57:45.695396,2026-03-03 01:11:57.450972,0 days 00:14:11.755576,0.09713015396998298,8,0.1792145037808485,0.8049960265389526,1.3967309471705733,1.9498471444871178e-05,2.8497758082982383,0.08936659829667476,0.004395253624864881,COMPLETE
5,0.45528455284552843,2026-03-03 01:11:57.452483,2026-03-03 01:19:01.138897,0 days 00:07:03.686414,0.2808460586007276,8,0.22121155768211614,0.7356615471196469,1.1855614862830335,2.2998160056344777e-05,2.4957327319452767,0.12998132555468922,0.03851011992076523,PRUNED
6,0.5230769230769231,2026-03-03 01:19:01.140602,2026-03-03 01:30:47.582813,0 days 00:11:46.442211,0.2341237735652394,8,0.24280201729135245,0.6978618629073283,1.9466227684087052,9.134222201698284e-06,4.225163592799259,0.07710524931406917,0.05275251428644375,COMPLETE
7,0.46153846153846156,2026-03-03 01:30:47.584610,2026-03-03 01:37:57.722691,0 days 00:07:10.138081,0.05640581452104626,16,0.18414783800720935,0.5363720610393585,1.5175109720501032,6.823764920881302e-06,1.3802318696377798,0.07167421349560671,0.003360256261959336,PRUNED
8,0.0,2026-03-03 01:37:57.724200,2026-03-03 01:42:45.008572,0 days 00:04:47.284372,0.422377330600803,16,0.11480261697976146,0.9044407799774381,0.01931929566871249,5.8674978213804954e-06,1.0679423631209546,0.15373757613817557,0.0011891335114883712,PRUNED
9,0.0,2026-03-03 01:42:45.010142,2026-03-03 01:49:46.838451,0 days 00:07:01.828309,0.05967759665820834,8,0.1739633431619505,0.9105534077890303,0.5716111918072315,4.859049437263362e-05,1.5421902565368621,0.07735553307597626,0.03434042212797018,PRUNED
10,0.5345622119815668,2026-03-03 01:49:46.839815,2026-03-03 02:06:12.189306,0 days 00:16:25.349491,0.20850616797878074,8,0.2353935847917742,0.6743794739593725,1.9325037853713278,9.369660122293643e-06,4.899396498322559,0.06026766800253997,0.013746804058051353,COMPLETE
11,,2026-03-03 02:06:12.190937,2026-03-03 02:06:57.915824,0 days 00:00:45.724887,0.19275812486282212,8,0.23804247714639004,0.672014987757717,1.9752803469249518,1.089919726109504e-05,4.897780072746136,0.05420450350509255,0.013717367310822114,FAIL
12,,2026-03-03 02:07:08.099724,2026-03-03 02:07:12.607965,0 days 00:00:04.508241,0.18970565429673714,8,0.2371627585906647,0.6756717565240945,1.9161178012464366,1.0631401668995003e-05,4.999605019720064,0.05203277007498091,0.013814566786953223,FAIL
13,0.5023696682464455,2026-03-03 02:07:16.609068,2026-03-03 02:16:25.891797,0 days 00:09:09.282729,0.18897266624452558,8,0.23669980709818103,0.6836337642977185,1.9800552964451092,1.0323674630582183e-05,4.934705150536356,0.05802054487082223,0.0159397208789604,PRUNED
14,0.32195121951219513,2026-03-03 02:16:25.893523,2026-03-03 02:20:53.510231,0 days 00:04:27.616708,0.20864128777967025,8,0.2563192284121878,0.6520665445461176,1.9524992278954654,1.1414049755118729e-05,4.899458499342622,0.10250604098604327,0.012374888573627344,PRUNED
15,0.48322147651006714,2026-03-03 02:20:53.511942,2026-03-03 02:29:48.865279,0 days 00:08:55.353337,0.18796691163613174,8,0.22416704857128486,0.6310079121660075,1.7280560685860344,9.387655001391602e-06,4.0732412951095025,0.0560387078041638,0.01742358679284411,PRUNED
16,0.4935064935064935,2026-03-03 02:29:48.867055,2026-03-03 02:38:43.993653,0 days 00:08:55.126598,0.2722134058689156,8,0.29583127131821046,0.7082680258372686,0.8866117321158264,1.2979963147380943e-05,4.225658720561094,0.09289912246528806,0.09006683380222615,PRUNED
17,0.5204081632653061,2026-03-03 02:38:43.995072,2026-03-03 02:49:52.729284,0 days 00:11:08.734212,0.49540276874561284,8,0.2103524378419037,0.6108725884717274,1.8286745327969653,8.344665485327132e-06,4.337426412251956,0.05305130919155788,0.006239698351310101,COMPLETE
18,0.5429864253393665,2026-03-03 02:49:52.730884,2026-03-03 03:03:14.790704,0 days 00:13:22.059820,0.2541511432737149,8,0.2467669688105428,0.9997843915678227,1.628998599058309,1.6052824293633118e-05,3.4146980772723343,0.11656655184607605,0.0021085685510462762,COMPLETE
19,0.5221674876847291,2026-03-03 03:03:14.792519,2026-03-03 03:18:49.987626,0 days 00:15:35.195107,0.3234104077156911,8,0.27119547128170585,0.9904917739348899,1.5649765102802968,1.5474002215393103e-05,3.300951978487218,0.11936593703334171,0.0016389381623423348,COMPLETE
20,0.4625,2026-03-03 03:18:49.989561,2026-03-03 03:23:22.898155,0 days 00:04:32.908594,0.14238325797689158,16,0.19648195078588446,0.9611411007856849,1.1050294160498062,1.3294769008429269e-05,3.669042378129134,0.15915034903278058,0.002346770646874502,PRUNED
21,0.3008849557522124,2026-03-03 03:23:22.899823,2026-03-03 03:27:50.671114,0 days 00:04:27.771291,0.13955337749547353,8,0.24907350120327365,0.7739480906608186,0.6579017797599014,7.3102150951345556e-06,3.204135427548381,0.1969301994261629,0.007145101787486797,PRUNED
22,0.43795620437956206,2026-03-03 03:27:50.672643,2026-03-03 03:34:31.227722,0 days 00:06:40.555079,0.24898305281492772,8,0.2739032200957491,0.8657493086573053,1.3946970383642943,1.6536123902980295e-05,3.8214290342208064,0.1290197471102253,0.00981905698827649,PRUNED
23,0.4972375690607735,2026-03-03 03:34:31.229476,2026-03-03 03:43:26.436203,0 days 00:08:55.206727,0.23283056949012879,8,0.2414898014291186,0.7539385139264555,1.7924118082433702,8.245667366559697e-06,4.551624429493681,0.07498942658311214,0.026601317767536548,PRUNED
24,0.5121951219512195,2026-03-03 03:43:26.437795,2026-03-03 03:52:21.692185,0 days 00:08:55.254390,0.305716389484436,8,0.2216303006156169,0.6802587274616091,1.9830248455807264,1.1624061089488946e-05,4.565945345707507,0.08929198086389982,0.061379514608980966,PRUNED
25,0.16260162601626016,2026-03-03 03:52:21.693809,2026-03-03 03:56:49.397435,0 days 00:04:27.703626,0.15055950545341437,8,0.2608121463928317,0.5994814550493791,1.7597354369653126,1.5281515601975853e-05,3.9765759891301067,0.06466388145140492,0.020654222753762237,PRUNED
26,0.4713375796178344,2026-03-03 03:56:49.399255,2026-03-03 04:01:17.253335,0 days 00:04:27.854080,0.2291840564120761,8,0.235920390589708,0.7209780675426398,1.5390612853192196,9.57314140516175e-06,4.606812650749161,0.09799783827879996,0.0024559007569124143,PRUNED
27,0.42424242424242425,2026-03-03 04:01:17.254921,2026-03-03 04:05:44.980209,0 days 00:04:27.725288,0.37927881594597684,8,0.2080290254841151,0.7815180436736701,1.8269073893229049,6.239479232639728e-06,3.535857909282579,0.08091509687438161,0.009622984082572937,PRUNED
28,0.41379310344827586,2026-03-03 04:05:44.981902,2026-03-03 04:10:17.876448,0 days 00:04:32.894546,0.27272051952243204,16,0.24967294946407564,0.6614350396070161,1.6630850600640554,7.79380933227855e-06,4.3298236601316855,0.10763735440645736,0.0010197031487573546,PRUNED
29,0.5420560747663551,2026-03-03 04:10:17.878091,2026-03-03 04:25:53.432753,0 days 00:15:35.554662,0.20517501047271103,8,0.19582073565497884,0.7081461100519586,1.8677012270958189,2.4948980491477874e-05,4.934437412470515,0.05080277844397989,0.024909029135833125,COMPLETE
30,0.4892703862660944,2026-03-03 04:25:53.434553,2026-03-03 04:30:21.224122,0 days 00:04:27.789569,0.16909251114209994,8,0.19266296166432095,0.92055513624287,1.3982220869348483,2.6312038828904215e-05,4.925288008033721,0.0650213242006784,0.022288637627000882,PRUNED
31,0.2736842105263158,2026-03-03 04:30:21.226159,2026-03-03 04:34:54.135686,0 days 00:04:32.909527,0.11706558108643582,16,0.12418702929611142,0.5685173839601716,1.1976819808463777,3.938477669313514e-05,1.9678688412665004,0.06399809216205629,0.01322901686093252,PRUNED
32,0.4891304347826087,2026-03-03 04:34:54.137359,2026-03-03 04:39:21.954417,0 days 00:04:27.817058,0.2055190352989456,8,0.13735227079231976,0.7510307304500932,0.9127160132109445,2.7252188667198e-05,2.896799860610934,0.13785614597595316,0.004574666346300973,PRUNED
33,0.4860557768924303,2026-03-03 04:39:21.956384,2026-03-03 04:43:49.753181,0 days 00:04:27.796797,0.2541624118163117,8,0.16079203386224655,0.6891075644153324,1.8839824643393597,1.7824384761407757e-05,4.675762129283849,0.05181066181003274,0.05169059104154674,PRUNED
34,0.44594594594594594,2026-03-03 04:43:49.754961,2026-03-03 04:48:17.573577,0 days 00:04:27.818616,0.22041567211822333,8,0.2314726877612241,0.6398806708404401,1.8761522370198855,3.7204430130746096e-05,4.152299063255579,0.08439136305121858,0.06516250863787616,PRUNED
35,0.3916913946587537,2026-03-03 04:48:17.575205,2026-03-03 04:54:58.313293,0 days 00:06:40.738088,0.31264026679713275,8,0.2082641478299343,0.714916671859324,1.7127730659523284,1.3525879115167678e-05,4.718333293367187,0.07000287475917581,0.026003913352111677,PRUNED
36,0.49107142857142855,2026-03-03 04:54:58.314970,2026-03-03 04:59:26.191765,0 days 00:04:27.876795,0.16747029240978858,8,0.27850913445050923,0.5857085866651117,1.6118110871551115,5.157630135753715e-06,4.995634190572407,0.05019873181694619,0.038291099539244464,PRUNED
37,0.5308056872037915,2026-03-03 04:59:26.193532,2026-03-03 05:12:48.177605,0 days 00:13:21.984073,0.25496207421403855,8,0.25658786787340027,0.5062204344337892,1.9773460752667331,2.337652251111739e-05,4.380583054279047,0.11336290505471684,0.007530815198103783,COMPLETE
38,0.4444444444444444,2026-03-03 05:12:48.179285,2026-03-03 05:17:21.086578,0 days 00:04:32.907293,0.3507895837394757,16,0.16086660350782794,0.5492496202654409,1.4643012272891376,2.2682456517261392e-05,3.8642743034831524,0.1185054932682238,0.006580144922887908,PRUNED
39,0.48559670781893005,2026-03-03 05:17:21.088696,2026-03-03 05:24:01.947495,0 days 00:06:40.858799,0.2912651837544389,8,0.29545760629801165,0.5053914213764532,1.6452185601754443,1.910606070214057e-05,4.424578828465215,0.1476037433350655,0.0031823251714179516,PRUNED
40,0.34710743801652894,2026-03-03 05:24:01.949109,2026-03-03 05:28:29.647701,0 days 00:04:27.698592,0.3428640837028422,8,0.2607875118983552,0.8449871182441939,0.7305248461009766,2.863552129645819e-05,2.5711538625192865,0.17970257144330218,0.008312121811391633,PRUNED
41,0.47435897435897434,2026-03-03 05:28:29.649335,2026-03-03 05:32:57.346309,0 days 00:04:27.696974,0.25531808045869686,8,0.2157773437023065,0.526208177296966,0.4251989553018616,3.383307062242149e-05,4.728214933083889,0.16751678780121937,0.012940435749691965,PRUNED
42,0.39669421487603307,2026-03-03 05:32:57.347860,2026-03-03 05:37:30.261207,0 days 00:04:32.913347,0.1887276519854195,16,0.2290847930309331,0.8078457262094749,1.8884347492818707,2.280870026379077e-05,3.299143458088227,0.13667220109264153,0.005217317388979457,PRUNED
43,0.49193548387096775,2026-03-03 05:37:30.263432,2026-03-03 05:41:58.051024,0 days 00:04:27.787592,0.23838105255548253,8,0.24151951192401877,0.8717677132157171,1.9742369995055271,2.4882312625523098e-05,4.451893831085687,0.11593789550919333,0.04349432758037377,PRUNED
44,0.4470588235294118,2026-03-03 05:41:58.052607,2026-03-03 05:46:25.946430,0 days 00:04:27.893823,0.20373508527856138,8,0.24911058977131328,0.7788801459675396,1.7565292316401622,2.0654391933467288e-05,3.5770923739254643,0.10807797480128595,0.0015979018324600023,PRUNED
45,0.5333333333333333,2026-03-03 05:46:25.948134,2026-03-03 05:57:34.560637,0 days 00:11:08.612503,0.2571500257842926,8,0.28534908120086677,0.6153597075942184,1.9999421371284225,3.2236261734217634e-05,4.8061910821613045,0.05966863377036532,0.07369713631344858,COMPLETE
46,0.4316546762589928,2026-03-03 05:57:34.562295,2026-03-03 06:02:02.359818,0 days 00:04:27.797523,0.2708030497964709,8,0.2872310777395658,0.6159992681054229,1.9977097543954223,3.1252387807808536e-05,4.787872847336329,0.06341049644467411,0.06972117590397368,PRUNED
47,0.4896265560165975,2026-03-03 06:02:02.361435,2026-03-03 06:06:30.099681,0 days 00:04:27.738246,0.2816011872259726,8,0.28558285388990695,0.668592109592178,1.8730443605919558,4.320569145307767e-05,4.816644160296766,0.05932072634015241,0.0033929470299488944,PRUNED
48,0.4897959183673469,2026-03-03 06:06:30.101474,2026-03-03 06:10:57.789738,0 days 00:04:27.688264,0.17037041067125025,8,0.263589176269346,0.570256068011034,1.6861458086522763,3.3723171103306906e-05,2.3168749085507527,0.12517345268578767,0.03135710481519411,PRUNED
49,0.4474885844748858,2026-03-03 06:10:57.791319,2026-03-03 06:15:25.473610,0 days 00:04:27.682291,0.21797757858483524,8,0.18339579235589026,0.6366370843738843,1.3140058182577459,2.8839500806554473e-05,4.987099689602776,0.09829457003840132,0.016789014949588794,PRUNED
50,0.4827586206896552,2026-03-03 06:15:25.475077,2026-03-03 06:19:53.281066,0 days 00:04:27.805989,0.1074845397192699,8,0.28102949100495084,0.5004575886067584,1.803148630338672,2.421546335789352e-05,4.2596901817440225,0.07217952995885456,0.09990064120732728,PRUNED
51,0.4868913857677903,2026-03-03 06:19:53.282798,2026-03-03 06:24:21.115857,0 days 00:04:27.833059,0.3049907148548507,8,0.26866150541444994,0.5263924226308127,1.8877206368562502,1.8391735340459236e-05,4.489375810489317,0.08468246028732954,0.01183164905254435,PRUNED
52,0.4834123222748815,2026-03-03 06:24:21.117560,2026-03-03 06:28:54.019364,0 days 00:04:32.901804,0.2568582977431939,16,0.2529605084118384,0.7243864472329942,0.021141697564759032,2.089480316767881e-05,4.079366015898085,0.05634796106299779,0.00808424061069228,PRUNED
